<?xml version="1.0" encoding="UTF-8"?>
<!-- Generated by org.testng.reporters.JUnitXMLReporter -->
<testsuite hostname="DESKTOP-78RVMS7" ignored="0" name="Test" tests="4" failures="0" timestamp="12 Nov 2020 07:48:42 GMT" time="0.084" errors="0">
  <testcase name="deleteTwitter" time="0.026" classname="maven.mavenjava.RESTAPITest"/>
  <testcase name="postJira" time="0.001" classname="maven.mavenjava.RESTAPITest"/>
  <testcase name="IOSApps" time="0.002" classname="maven.mavenjava.AppiumTest"/>
  <testcase name="NativeAppAndroid" time="0.0" classname="maven.mavenjava.AppiumTest"/>
</testsuite> <!-- Test -->
