<?xml version="1.0" encoding="UTF-8"?>
<testng-results skipped="0" failed="0" ignored="0" total="4" passed="4">
  <reporter-output>
  </reporter-output>
  <suite name="Suite" duration-ms="84" started-at="2020-11-12T07:48:42Z" finished-at="2020-11-12T07:48:42Z">
    <groups>
    </groups>
    <test name="Test" duration-ms="84" started-at="2020-11-12T07:48:42Z" finished-at="2020-11-12T07:48:42Z">
      <class name="maven.mavenjava.RESTAPITest">
        <test-method status="PASS" signature="deleteTwitter()[pri:0, instance:maven.mavenjava.RESTAPITest@58134517]" name="deleteTwitter" duration-ms="26" started-at="2020-11-12T13:18:42Z" finished-at="2020-11-12T13:18:42Z">
          <reporter-output>
          </reporter-output>
        </test-method> <!-- deleteTwitter -->
        <test-method status="PASS" signature="postJira()[pri:0, instance:maven.mavenjava.RESTAPITest@58134517]" name="postJira" duration-ms="1" started-at="2020-11-12T13:18:42Z" finished-at="2020-11-12T13:18:42Z">
          <reporter-output>
          </reporter-output>
        </test-method> <!-- postJira -->
      </class> <!-- maven.mavenjava.RESTAPITest -->
      <class name="maven.mavenjava.AppiumTest">
        <test-method status="PASS" signature="IOSApps()[pri:0, instance:maven.mavenjava.AppiumTest@351d0846]" name="IOSApps" duration-ms="2" started-at="2020-11-12T13:18:42Z" finished-at="2020-11-12T13:18:42Z">
          <reporter-output>
          </reporter-output>
        </test-method> <!-- IOSApps -->
        <test-method status="PASS" signature="NativeAppAndroid()[pri:0, instance:maven.mavenjava.AppiumTest@351d0846]" name="NativeAppAndroid" duration-ms="0" started-at="2020-11-12T13:18:42Z" finished-at="2020-11-12T13:18:42Z">
          <reporter-output>
          </reporter-output>
        </test-method> <!-- NativeAppAndroid -->
      </class> <!-- maven.mavenjava.AppiumTest -->
    </test> <!-- Test -->
  </suite> <!-- Suite -->
</testng-results>
